Sun Mar 18 10:35:34 CST 2018  [debug] AvalonLogSystem initialized using logfile 'E:\java\.metadata\.plugins\com.genuitec.eclipse.templates\velocity.log'
Sun Mar 18 10:35:34 CST 2018   [info] ************************************************************** 
Sun Mar 18 10:35:34 CST 2018   [info] Starting Jakarta Velocity v1.4
Sun Mar 18 10:35:34 CST 2018   [info] RuntimeInstance initializing.
Sun Mar 18 10:35:34 CST 2018   [info] Default Properties File: org\apache\velocity\runtime\defaults\velocity.properties
Sun Mar 18 10:35:34 CST 2018   [info] Trying to use logger class org.apache.velocity.runtime.log.AvalonLogSystem
Sun Mar 18 10:35:34 CST 2018   [info] Using logger class org.apache.velocity.runtime.log.AvalonLogSystem
Sun Mar 18 10:35:34 CST 2018   [info] Default ResourceManager initializing. (class org.apache.velocity.runtime.resource.ResourceManagerImpl)
Sun Mar 18 10:35:34 CST 2018   [info] Resource Loader Instantiated: com.genuitec.eclipse.templates.internal.PluginResourceLoader
Sun Mar 18 10:35:34 CST 2018   [info] ResourceCache : initialized. (class org.apache.velocity.runtime.resource.ResourceCacheImpl)
Sun Mar 18 10:35:34 CST 2018   [info] Default ResourceManager initialization complete.
Sun Mar 18 10:35:34 CST 2018   [info] Loaded System Directive: org.apache.velocity.runtime.directive.Literal
Sun Mar 18 10:35:34 CST 2018   [info] Loaded System Directive: org.apache.velocity.runtime.directive.Macro
Sun Mar 18 10:35:34 CST 2018   [info] Loaded System Directive: org.apache.velocity.runtime.directive.Parse
Sun Mar 18 10:35:34 CST 2018   [info] Loaded System Directive: org.apache.velocity.runtime.directive.Include
Sun Mar 18 10:35:34 CST 2018   [info] Loaded System Directive: org.apache.velocity.runtime.directive.Foreach
Sun Mar 18 10:35:34 CST 2018   [info] Created: 20 parsers.
Sun Mar 18 10:35:34 CST 2018   [info] Velocimacro : initialization starting.
Sun Mar 18 10:35:34 CST 2018   [info] Velocimacro : adding VMs from VM library template : VM_global_library.vm
Sun Mar 18 10:35:34 CST 2018  [error] ResourceManager : unable to find resource 'VM_global_library.vm' in any resource loader.
Sun Mar 18 10:35:34 CST 2018   [info] Velocimacro : error using  VM library template VM_global_library.vm : org.apache.velocity.exception.ResourceNotFoundException: Unable to find resource 'VM_global_library.vm'
Sun Mar 18 10:35:34 CST 2018   [info] Velocimacro :  VM library template macro registration complete.
Sun Mar 18 10:35:34 CST 2018   [info] Velocimacro : allowInline = true : VMs can be defined inline in templates
Sun Mar 18 10:35:34 CST 2018   [info] Velocimacro : allowInlineToOverride = true : VMs defined inline may replace previous VM definitions
Sun Mar 18 10:35:34 CST 2018   [info] Velocimacro : allowInlineLocal = true : VMs defined inline will be local to their defining template only.
Sun Mar 18 10:35:34 CST 2018   [info] Velocimacro : messages on  : VM system will output logging messages
Sun Mar 18 10:35:34 CST 2018   [info] Velocimacro : autoload off  : VM system will not automatically reload global library macros
Sun Mar 18 10:35:34 CST 2018   [info] Velocimacro : initialization complete.
Sun Mar 18 10:35:34 CST 2018   [info] Velocity successfully started.
Sun Mar 18 10:35:34 CST 2018   [info] ResourceManager : found templates/web.xml.vm with loader com.genuitec.eclipse.templates.internal.PluginResourceLoader
Sun Mar 18 10:35:35 CST 2018   [info] ResourceManager : found /templates/velocity/welcome/Jsp.vtl with loader com.genuitec.eclipse.templates.internal.PluginResourceLoader
Sun Mar 18 20:17:48 CST 2018   [info] ResourceManager : found templates/web.xml.vm with loader com.genuitec.eclipse.templates.internal.PluginResourceLoader
Sun Mar 18 20:17:48 CST 2018   [info] ResourceManager : found /templates/velocity/welcome/Jsp.vtl with loader com.genuitec.eclipse.templates.internal.PluginResourceLoader
